  [1m[35m (0.5ms)[0m  [1m[34mSELECT sqlite_version(*)[0m
  [1m[35m (47.3ms)[0m  [1m[35mCREATE TABLE "schema_migrations" ("version" varchar NOT NULL PRIMARY KEY)[0m
  [1m[35m (29.7ms)[0m  [1m[35mCREATE TABLE "ar_internal_metadata" ("key" varchar NOT NULL PRIMARY KEY, "value" varchar, "created_at" datetime NOT NULL, "updated_at" datetime NOT NULL)[0m
  [1m[35m (0.0ms)[0m  [1m[34mSELECT "schema_migrations"."version" FROM "schema_migrations" ORDER BY "schema_migrations"."version" ASC[0m
Migrating to CreateItems (20170704184014)
  [1m[35m (0.5ms)[0m  [1m[36mbegin transaction[0m
  [1m[35m (1.0ms)[0m  [1m[35mCREATE TABLE "items" ("id" INTEGER PRIMARY KEY AUTOINCREMENT NOT NULL, "name" varchar, "description" text, "created_at" datetime NOT NULL, "updated_at" datetime NOT NULL)[0m
  [1m[35mSQL (0.5ms)[0m  [1m[32mINSERT INTO "schema_migrations" ("version") VALUES (?)[0m  [["version", "20170704184014"]]
  [1m[35m (21.6ms)[0m  [1m[36mcommit transaction[0m
  [1m[36mActiveRecord::InternalMetadata Load (0.5ms)[0m  [1m[34mSELECT  "ar_internal_metadata".* FROM "ar_internal_metadata" WHERE "ar_internal_metadata"."key" = ? LIMIT ?[0m  [["key", "environment"], ["LIMIT", 1]]
  [1m[35m (0.5ms)[0m  [1m[36mbegin transaction[0m
  [1m[35mSQL (1.0ms)[0m  [1m[32mINSERT INTO "ar_internal_metadata" ("key", "value", "created_at", "updated_at") VALUES (?, ?, ?, ?)[0m  [["key", "environment"], ["value", "development"], ["created_at", "2017-07-04 18:40:25.893606"], ["updated_at", "2017-07-04 18:40:25.893606"]]
  [1m[35m (26.3ms)[0m  [1m[36mcommit transaction[0m
  [1m[35m (0.5ms)[0m  [1m[34mSELECT "schema_migrations"."version" FROM "schema_migrations" ORDER BY "schema_migrations"."version" ASC[0m
  [1m[35m (0.5ms)[0m  [1m[34mSELECT "schema_migrations"."version" FROM "schema_migrations" ORDER BY "schema_migrations"."version" ASC[0m
  [1m[35m (0.0ms)[0m  [1m[36mbegin transaction[0m
  [1m[35mSQL (23.6ms)[0m  [1m[32mINSERT INTO "items" ("name", "description", "created_at", "updated_at") VALUES (?, ?, ?, ?)[0m  [["name", "Item"], ["description", "I am a description."], ["created_at", "2017-07-04 18:40:58.182726"], ["updated_at", "2017-07-04 18:40:58.182726"]]
  [1m[35m (23.6ms)[0m  [1m[36mcommit transaction[0m
  [1m[35m (0.0ms)[0m  [1m[36mbegin transaction[0m
  [1m[35mSQL (1.5ms)[0m  [1m[32mINSERT INTO "items" ("name", "description", "created_at", "updated_at") VALUES (?, ?, ?, ?)[0m  [["name", "Item"], ["description", "I am a description."], ["created_at", "2017-07-04 18:40:58.232862"], ["updated_at", "2017-07-04 18:40:58.232862"]]
  [1m[35m (19.6ms)[0m  [1m[36mcommit transaction[0m
  [1m[35m (0.5ms)[0m  [1m[36mbegin transaction[0m
  [1m[35mSQL (1.0ms)[0m  [1m[32mINSERT INTO "items" ("name", "description", "created_at", "updated_at") VALUES (?, ?, ?, ?)[0m  [["name", "Item"], ["description", "I am a description."], ["created_at", "2017-07-04 18:40:58.255419"], ["updated_at", "2017-07-04 18:40:58.255419"]]
  [1m[35m (27.1ms)[0m  [1m[36mcommit transaction[0m
  [1m[35m (0.0ms)[0m  [1m[36mbegin transaction[0m
  [1m[35mSQL (1.0ms)[0m  [1m[32mINSERT INTO "items" ("name", "description", "created_at", "updated_at") VALUES (?, ?, ?, ?)[0m  [["name", "Item"], ["description", "I am a description."], ["created_at", "2017-07-04 18:40:58.286000"], ["updated_at", "2017-07-04 18:40:58.286000"]]
  [1m[35m (20.1ms)[0m  [1m[36mcommit transaction[0m
  [1m[35m (0.0ms)[0m  [1m[36mbegin transaction[0m
  [1m[35mSQL (1.0ms)[0m  [1m[32mINSERT INTO "items" ("name", "description", "created_at", "updated_at") VALUES (?, ?, ?, ?)[0m  [["name", "Item"], ["description", "I am a description."], ["created_at", "2017-07-04 18:40:58.309563"], ["updated_at", "2017-07-04 18:40:58.309563"]]
  [1m[35m (19.1ms)[0m  [1m[36mcommit transaction[0m
  [1m[35m (0.0ms)[0m  [1m[36mbegin transaction[0m
  [1m[35mSQL (1.0ms)[0m  [1m[32mINSERT INTO "items" ("name", "description", "created_at", "updated_at") VALUES (?, ?, ?, ?)[0m  [["name", "Item"], ["description", "I am a description."], ["created_at", "2017-07-04 18:40:58.332123"], ["updated_at", "2017-07-04 18:40:58.332123"]]
  [1m[35m (20.1ms)[0m  [1m[36mcommit transaction[0m
  [1m[35m (0.0ms)[0m  [1m[36mbegin transaction[0m
  [1m[35mSQL (1.5ms)[0m  [1m[32mINSERT INTO "items" ("name", "description", "created_at", "updated_at") VALUES (?, ?, ?, ?)[0m  [["name", "Item"], ["description", "I am a description."], ["created_at", "2017-07-04 18:40:58.355720"], ["updated_at", "2017-07-04 18:40:58.355720"]]
  [1m[35m (20.1ms)[0m  [1m[36mcommit transaction[0m
  [1m[35m (0.0ms)[0m  [1m[36mbegin transaction[0m
  [1m[35mSQL (1.0ms)[0m  [1m[32mINSERT INTO "items" ("name", "description", "created_at", "updated_at") VALUES (?, ?, ?, ?)[0m  [["name", "Item"], ["description", "I am a description."], ["created_at", "2017-07-04 18:40:58.378747"], ["updated_at", "2017-07-04 18:40:58.378747"]]
  [1m[35m (21.3ms)[0m  [1m[36mcommit transaction[0m
  [1m[35m (0.5ms)[0m  [1m[36mbegin transaction[0m
  [1m[35mSQL (1.5ms)[0m  [1m[32mINSERT INTO "items" ("name", "description", "created_at", "updated_at") VALUES (?, ?, ?, ?)[0m  [["name", "Item"], ["description", "I am a description."], ["created_at", "2017-07-04 18:40:58.403583"], ["updated_at", "2017-07-04 18:40:58.403583"]]
  [1m[35m (19.6ms)[0m  [1m[36mcommit transaction[0m
  [1m[35m (0.0ms)[0m  [1m[36mbegin transaction[0m
  [1m[35mSQL (1.0ms)[0m  [1m[32mINSERT INTO "items" ("name", "description", "created_at", "updated_at") VALUES (?, ?, ?, ?)[0m  [["name", "Item"], ["description", "I am a description."], ["created_at", "2017-07-04 18:40:58.426175"], ["updated_at", "2017-07-04 18:40:58.426175"]]
  [1m[35m (18.9ms)[0m  [1m[36mcommit transaction[0m
Started GET "/api/v1/items.json" for 127.0.0.1 at 2017-07-04 14:44:03 -0400
  [1m[35m (0.5ms)[0m  [1m[34mSELECT "schema_migrations"."version" FROM "schema_migrations" ORDER BY "schema_migrations"."version" ASC[0m
  
ActionController::RoutingError (undefined method `respond_to' for Api::V1::BaseController:Class
Did you mean?  respond_to?):
  
app/controllers/api/v1/base_controller.rb:2:in `<class:BaseController>'
app/controllers/api/v1/base_controller.rb:1:in `<top (required)>'
app/controllers/api/v1/items_controller.rb:3:in `<top (required)>'
Started GET "/api/v1/items.json" for 127.0.0.1 at 2017-07-04 14:46:57 -0400
  
ActionController::RoutingError (uninitialized constant ActionController::Responder):
  
lib/application_responder.rb:1:in `<top (required)>'
app/controllers/application_controller.rb:1:in `<top (required)>'
app/controllers/api/v1/base_controller.rb:1:in `<top (required)>'
app/controllers/api/v1/items_controller.rb:3:in `<top (required)>'
Started GET "/api/v1/items.json" for 127.0.0.1 at 2017-07-04 14:49:50 -0400
  
ActionController::RoutingError (uninitialized constant ActionController::Responder):
  
lib/application_responder.rb:1:in `<top (required)>'
app/controllers/application_controller.rb:1:in `<top (required)>'
app/controllers/api/v1/base_controller.rb:1:in `<top (required)>'
app/controllers/api/v1/items_controller.rb:3:in `<top (required)>'
Started GET "/api/v1/items.json" for 127.0.0.1 at 2017-07-04 14:51:39 -0400
  
ActionController::RoutingError (uninitialized constant ActionController::Responder):
  
lib/application_responder.rb:1:in `<top (required)>'
app/controllers/application_controller.rb:1:in `<top (required)>'
app/controllers/api/v1/base_controller.rb:1:in `<top (required)>'
app/controllers/api/v1/items_controller.rb:3:in `<top (required)>'
Started GET "/api/v1/items.json" for 127.0.0.1 at 2017-07-04 15:00:15 -0400
  
ActionController::RoutingError (uninitialized constant ActionController::Responder):
  
lib/application_responder.rb:1:in `<top (required)>'
app/controllers/application_controller.rb:1:in `<top (required)>'
app/controllers/api/v1/base_controller.rb:1:in `<top (required)>'
app/controllers/api/v1/items_controller.rb:3:in `<top (required)>'
Started GET "/api/v1/items.json" for 127.0.0.1 at 2017-07-05 11:52:25 -0400
  [1m[35m (0.0ms)[0m  [1m[34mSELECT "schema_migrations"."version" FROM "schema_migrations" ORDER BY "schema_migrations"."version" ASC[0m
Processing by Api::V1::ItemsController#index as JSON
  [1m[36mItem Load (0.0ms)[0m  [1m[34mSELECT "items".* FROM "items"[0m
Completed 200 OK in 120ms (Views: 27.3ms | ActiveRecord: 0.0ms)


Started GET "/" for 127.0.0.1 at 2017-07-05 12:03:04 -0400
Processing by SiteController#index as HTML
  Rendering site/index.html.erb within layouts/application
  Rendered site/index.html.erb within layouts/application (229.2ms)
Completed 500 Internal Server Error in 354ms


  
ActionView::Template::Error (undefined method `react_component' for #<#<Class:0x5577150>:0x6d27f98>):
    1: <%= react_component 'Main' %>
  
app/views/site/index.html.erb:1:in `_app_views_site_index_html_erb__335022650_44810100'
Started GET "/" for 127.0.0.1 at 2017-07-05 12:03:36 -0400
Processing by SiteController#index as HTML
  Rendering site/index.html.erb within layouts/application
  Rendered site/index.html.erb within layouts/application (213.6ms)
Completed 500 Internal Server Error in 344ms


  
ActionView::Template::Error (undefined method `react_component' for #<#<Class:0x5577150>:0x66e2890>):
    1: #app/views/site/index.html.erb
    2: 
    3: <%= react_component 'Main' %>
  
app/views/site/index.html.erb:3:in `_app_views_site_index_html_erb__335022650_53942292'
Started GET "/" for 127.0.0.1 at 2017-07-05 12:07:00 -0400
Processing by SiteController#index as HTML
  Rendering site/index.html.erb within layouts/application
  Rendered site/index.html.erb within layouts/application (195.4ms)
Completed 500 Internal Server Error in 288ms


  
ActionView::Template::Error (undefined method `react_component' for #<#<Class:0x5577150>:0x5adb360>):
    1: #app/views/site/index.html.erb
    2: 
    3: <%= react_component 'Main' %>
  
app/views/site/index.html.erb:3:in `_app_views_site_index_html_erb__335022650_47635824'
Started GET "/" for 127.0.0.1 at 2017-07-05 12:07:43 -0400
  [1m[35m (0.5ms)[0m  [1m[34mSELECT "schema_migrations"."version" FROM "schema_migrations" ORDER BY "schema_migrations"."version" ASC[0m
Processing by SiteController#index as HTML
  Rendering site/index.html.erb within layouts/application
  Rendered site/index.html.erb within layouts/application (8.1ms)
Completed 200 OK in 8359ms (Views: 8326.8ms | ActiveRecord: 0.0ms)


Started GET "/" for 127.0.0.1 at 2017-07-05 12:09:53 -0400
Processing by SiteController#index as HTML
  Rendering site/index.html.erb within layouts/application
  Rendered site/index.html.erb within layouts/application (1.0ms)
Completed 200 OK in 4466ms (Views: 4441.4ms)


Started GET "/" for 127.0.0.1 at 2017-07-05 12:10:13 -0400
Processing by SiteController#index as HTML
  Rendering site/index.html.erb within layouts/application
  Rendered site/index.html.erb within layouts/application (1.0ms)
Completed 200 OK in 3952ms (Views: 3932.7ms)


Started GET "/" for 127.0.0.1 at 2017-07-05 12:26:19 -0400
Processing by SiteController#index as HTML
  Rendering site/index.html.erb within layouts/application
  Rendered site/index.html.erb within layouts/application (2.5ms)
Completed 500 Internal Server Error in 2105ms


  
ActionView::Template::Error (SyntaxError: unknown: Unexpected token (5:13)
  3 | 	constructor(props) {
  4 | 		super(props);
> 5 | 		this.state { items: [] }
    |              ^
  6 | 	}
  7 | 
  8 | 	componentDidMount () {):
     5:     <%= csrf_meta_tags %>
     6: 
     7:     <%= stylesheet_link_tag    'application', media: 'all', 'data-turbolinks-track': 'reload' %>
     8:     <%= javascript_include_tag 'application', 'data-turbolinks-track': 'reload' %>
     9:   </head>
    10: 
    11:   <body>
  
app/views/layouts/application.html.erb:8:in `_app_views_layouts_application_html_erb__706991456_58249512'
Started GET "/" for 127.0.0.1 at 2017-07-05 12:27:02 -0400
Processing by SiteController#index as HTML
  Rendering site/index.html.erb within layouts/application
  Rendered site/index.html.erb within layouts/application (1.0ms)
Completed 500 Internal Server Error in 2007ms


  
ActionView::Template::Error (SyntaxError: unknown: Unexpected token (5:13)
  3 | 	constructor(props) {
  4 | 		super(props);
> 5 | 		this.state { items: [] };
    |              ^
  6 | 	}
  7 | 
  8 | 	componentDidMount () {):
     5:     <%= csrf_meta_tags %>
     6: 
     7:     <%= stylesheet_link_tag    'application', media: 'all', 'data-turbolinks-track': 'reload' %>
     8:     <%= javascript_include_tag 'application', 'data-turbolinks-track': 'reload' %>
     9:   </head>
    10: 
    11:   <body>
  
app/views/layouts/application.html.erb:8:in `_app_views_layouts_application_html_erb__706991456_120362748'
Started GET "/" for 127.0.0.1 at 2017-07-05 12:27:31 -0400
Processing by SiteController#index as HTML
  Rendering site/index.html.erb within layouts/application
  Rendered site/index.html.erb within layouts/application (2.0ms)
Completed 200 OK in 8203ms (Views: 8182.6ms)


Started GET "/" for 127.0.0.1 at 2017-07-05 12:28:39 -0400
Processing by SiteController#index as HTML
  Rendering site/index.html.erb within layouts/application
  Rendered site/index.html.erb within layouts/application (1.0ms)
Completed 200 OK in 2382ms (Views: 2362.8ms)


Started GET "/" for 127.0.0.1 at 2017-07-05 12:29:07 -0400
Processing by SiteController#index as HTML
  Rendering site/index.html.erb within layouts/application
  Rendered site/index.html.erb within layouts/application (2.0ms)
Completed 200 OK in 2607ms (Views: 2579.8ms)


Started GET "/" for 127.0.0.1 at 2017-07-05 12:31:04 -0400
Processing by SiteController#index as HTML
  Rendering site/index.html.erb within layouts/application
  Rendered site/index.html.erb within layouts/application (1.5ms)
Completed 500 Internal Server Error in 130ms


  
ActionView::Template::Error (couldn't find file 'jquery' with type 'application/javascript'
Checked in these paths: 
  C:/Sites/item_cart/app/assets/config
  C:/Sites/item_cart/app/assets/images
  C:/Sites/item_cart/app/assets/javascripts
  C:/Sites/item_cart/app/assets/stylesheets
  C:/RailsInstaller/Ruby2.3.0/lib/ruby/gems/2.3.0/gems/coffee-rails-4.2.2/lib/assets/javascripts
  C:/RailsInstaller/Ruby2.3.0/lib/ruby/gems/2.3.0/gems/actioncable-5.1.2/lib/assets/compiled
  C:/RailsInstaller/Ruby2.3.0/lib/ruby/gems/2.3.0/gems/actionview-5.1.2/lib/assets/compiled
  C:/RailsInstaller/Ruby2.3.0/lib/ruby/gems/2.3.0/gems/turbolinks-source-5.0.3/lib/assets/javascripts
  C:/Sites/item_cart/node_modules
  C:/RailsInstaller/Ruby2.3.0/lib/ruby/gems/2.3.0/gems/react-rails-2.2.0/lib/assets/react-source/development
  C:/RailsInstaller/Ruby2.3.0/lib/ruby/gems/2.3.0/gems/react-rails-2.2.0/lib/assets/javascripts):
     5:     <%= csrf_meta_tags %>
     6: 
     7:     <%= stylesheet_link_tag    'application', media: 'all', 'data-turbolinks-track': 'reload' %>
     8:     <%= javascript_include_tag 'application', 'data-turbolinks-track': 'reload' %>
     9:   </head>
    10: 
    11:   <body>
  
app/assets/javascripts/application.js:13
app/views/layouts/application.html.erb:8:in `_app_views_layouts_application_html_erb__706991456_79101888'
Started GET "/" for 127.0.0.1 at 2017-07-05 12:32:03 -0400
Processing by SiteController#index as HTML
  Rendering site/index.html.erb within layouts/application
  Rendered site/index.html.erb within layouts/application (0.5ms)
Completed 200 OK in 188ms (Views: 167.4ms)


Started GET "/" for 127.0.0.1 at 2017-07-05 12:34:31 -0400
Processing by SiteController#index as HTML
  Rendering site/index.html.erb within layouts/application
  Rendered site/index.html.erb within layouts/application (3.5ms)
Completed 500 Internal Server Error in 171ms


  
ActionView::Template::Error (couldn't find file 'jquery' with type 'application/javascript'
Checked in these paths: 
  C:/Sites/item_cart/app/assets/config
  C:/Sites/item_cart/app/assets/images
  C:/Sites/item_cart/app/assets/javascripts
  C:/Sites/item_cart/app/assets/stylesheets
  C:/RailsInstaller/Ruby2.3.0/lib/ruby/gems/2.3.0/gems/coffee-rails-4.2.2/lib/assets/javascripts
  C:/RailsInstaller/Ruby2.3.0/lib/ruby/gems/2.3.0/gems/actioncable-5.1.2/lib/assets/compiled
  C:/RailsInstaller/Ruby2.3.0/lib/ruby/gems/2.3.0/gems/actionview-5.1.2/lib/assets/compiled
  C:/RailsInstaller/Ruby2.3.0/lib/ruby/gems/2.3.0/gems/turbolinks-source-5.0.3/lib/assets/javascripts
  C:/Sites/item_cart/node_modules
  C:/RailsInstaller/Ruby2.3.0/lib/ruby/gems/2.3.0/gems/react-rails-2.2.0/lib/assets/react-source/development
  C:/RailsInstaller/Ruby2.3.0/lib/ruby/gems/2.3.0/gems/react-rails-2.2.0/lib/assets/javascripts):
     5:     <%= csrf_meta_tags %>
     6: 
     7:     <%= stylesheet_link_tag    'application', media: 'all', 'data-turbolinks-track': 'reload' %>
     8:     <%= javascript_include_tag 'application', 'data-turbolinks-track': 'reload' %>
     9:   </head>
    10: 
    11:   <body>
  
app/assets/javascripts/application.js:13
app/views/layouts/application.html.erb:8:in `_app_views_layouts_application_html_erb__706991456_74725368'
Started GET "/" for 127.0.0.1 at 2017-07-05 12:35:35 -0400
Processing by SiteController#index as HTML
  Rendering site/index.html.erb within layouts/application
  Rendered site/index.html.erb within layouts/application (1.0ms)
Completed 500 Internal Server Error in 126ms


  
ActionView::Template::Error (couldn't find file 'jquery' with type 'application/javascript'
Checked in these paths: 
  C:/Sites/item_cart/app/assets/config
  C:/Sites/item_cart/app/assets/images
  C:/Sites/item_cart/app/assets/javascripts
  C:/Sites/item_cart/app/assets/stylesheets
  C:/RailsInstaller/Ruby2.3.0/lib/ruby/gems/2.3.0/gems/coffee-rails-4.2.2/lib/assets/javascripts
  C:/RailsInstaller/Ruby2.3.0/lib/ruby/gems/2.3.0/gems/actioncable-5.1.2/lib/assets/compiled
  C:/RailsInstaller/Ruby2.3.0/lib/ruby/gems/2.3.0/gems/actionview-5.1.2/lib/assets/compiled
  C:/RailsInstaller/Ruby2.3.0/lib/ruby/gems/2.3.0/gems/turbolinks-source-5.0.3/lib/assets/javascripts
  C:/Sites/item_cart/node_modules
  C:/RailsInstaller/Ruby2.3.0/lib/ruby/gems/2.3.0/gems/react-rails-2.2.0/lib/assets/react-source/development
  C:/RailsInstaller/Ruby2.3.0/lib/ruby/gems/2.3.0/gems/react-rails-2.2.0/lib/assets/javascripts):
     5:     <%= csrf_meta_tags %>
     6: 
     7:     <%= stylesheet_link_tag    'application', media: 'all', 'data-turbolinks-track': 'reload' %>
     8:     <%= javascript_include_tag 'application', 'data-turbolinks-track': 'reload' %>
     9:   </head>
    10: 
    11:   <body>
  
app/assets/javascripts/application.js:13
app/views/layouts/application.html.erb:8:in `_app_views_layouts_application_html_erb__706991456_116807868'
Started GET "/" for 127.0.0.1 at 2017-07-05 12:36:13 -0400
  [1m[35m (0.5ms)[0m  [1m[34mSELECT "schema_migrations"."version" FROM "schema_migrations" ORDER BY "schema_migrations"."version" ASC[0m
Processing by SiteController#index as HTML
  Rendering site/index.html.erb within layouts/application
  Rendered site/index.html.erb within layouts/application (9.5ms)
Completed 200 OK in 16192ms (Views: 16156.3ms | ActiveRecord: 0.0ms)


Started GET "/api/v1/items.json" for 127.0.0.1 at 2017-07-05 12:36:53 -0400
Processing by Api::V1::ItemsController#index as JSON
  [1m[36mItem Load (1.0ms)[0m  [1m[34mSELECT "items".* FROM "items"[0m
Completed 200 OK in 146ms (Views: 38.5ms | ActiveRecord: 3.0ms)


Started GET "/" for 127.0.0.1 at 2017-07-05 12:46:02 -0400
Processing by SiteController#index as HTML
  Rendering site/index.html.erb within layouts/application
  Rendered site/index.html.erb within layouts/application (3.0ms)
Completed 200 OK in 3373ms (Views: 3348.6ms)


Started GET "/api/v1/items.json" for 127.0.0.1 at 2017-07-05 12:46:06 -0400
Processing by Api::V1::ItemsController#index as JSON
  [1m[36mItem Load (0.5ms)[0m  [1m[34mSELECT "items".* FROM "items"[0m
Completed 200 OK in 123ms (Views: 31.2ms | ActiveRecord: 4.0ms)


Started GET "/" for 127.0.0.1 at 2017-07-05 12:46:36 -0400
Processing by SiteController#index as HTML
  Rendering site/index.html.erb within layouts/application
  Rendered site/index.html.erb within layouts/application (2.0ms)
Completed 200 OK in 2797ms (Views: 2768.2ms)


Started GET "/api/v1/items.json" for 127.0.0.1 at 2017-07-05 12:46:40 -0400
Processing by Api::V1::ItemsController#index as JSON
  [1m[36mItem Load (0.5ms)[0m  [1m[34mSELECT "items".* FROM "items"[0m
Completed 200 OK in 149ms (Views: 47.1ms | ActiveRecord: 4.5ms)


Started GET "/" for 127.0.0.1 at 2017-07-05 12:49:38 -0400
Processing by SiteController#index as HTML
  Rendering site/index.html.erb within layouts/application
  Rendered site/index.html.erb within layouts/application (1.0ms)
Completed 200 OK in 2718ms (Views: 2696.7ms)


Started GET "/" for 127.0.0.1 at 2017-07-05 12:51:41 -0400
Processing by SiteController#index as HTML
  Rendering site/index.html.erb within layouts/application
  Rendered site/index.html.erb within layouts/application (3.0ms)
Completed 200 OK in 2804ms (Views: 2781.0ms)


Started GET "/" for 127.0.0.1 at 2017-07-05 12:53:04 -0400
Processing by SiteController#index as HTML
  Rendering site/index.html.erb within layouts/application
  Rendered site/index.html.erb within layouts/application (1.0ms)
Completed 200 OK in 2396ms (Views: 2379.4ms)


Started GET "/api/v1/items.json" for 127.0.0.1 at 2017-07-05 12:53:07 -0400
Processing by Api::V1::ItemsController#index as JSON
  [1m[36mItem Load (0.0ms)[0m  [1m[34mSELECT "items".* FROM "items"[0m
Completed 200 OK in 148ms (Views: 52.0ms | ActiveRecord: 5.5ms)


Started GET "/" for 127.0.0.1 at 2017-07-05 12:53:13 -0400
Processing by SiteController#index as HTML
  Rendering site/index.html.erb within layouts/application
  Rendered site/index.html.erb within layouts/application (1.0ms)
Completed 200 OK in 239ms (Views: 219.4ms)


Started GET "/" for 127.0.0.1 at 2017-07-05 12:59:07 -0400
Processing by SiteController#index as HTML
  Rendering site/index.html.erb within layouts/application
  Rendered site/index.html.erb within layouts/application (5.0ms)
Completed 200 OK in 343ms (Views: 319.1ms)


Started GET "/" for 127.0.0.1 at 2017-07-05 13:07:27 -0400
Processing by SiteController#index as HTML
  Rendering site/index.html.erb within layouts/application
  Rendered site/index.html.erb within layouts/application (6.4ms)
Completed 200 OK in 2724ms (Views: 2692.1ms)


Started GET "/api/v1/items.json" for 127.0.0.1 at 2017-07-05 13:07:31 -0400
Processing by Api::V1::ItemsController#index as JSON
  [1m[36mItem Load (0.5ms)[0m  [1m[34mSELECT "items".* FROM "items"[0m
Completed 200 OK in 89ms (Views: 36.1ms | ActiveRecord: 10.0ms)


Started GET "/" for 127.0.0.1 at 2017-07-05 13:10:52 -0400
Processing by SiteController#index as HTML
  Rendering site/index.html.erb within layouts/application
  Rendered site/index.html.erb within layouts/application (1.0ms)
Completed 200 OK in 2731ms (Views: 2711.1ms)


Started GET "/api/v1/items.json" for 127.0.0.1 at 2017-07-05 13:10:56 -0400
Processing by Api::V1::ItemsController#index as JSON
  [1m[36mItem Load (1.0ms)[0m  [1m[34mSELECT "items".* FROM "items"[0m
Completed 200 OK in 220ms (Views: 108.9ms | ActiveRecord: 31.6ms)


Started GET "/" for 127.0.0.1 at 2017-07-05 13:13:32 -0400
Processing by SiteController#index as HTML
  Rendering site/index.html.erb within layouts/application
  Rendered site/index.html.erb within layouts/application (1.0ms)
Completed 200 OK in 2741ms (Views: 2720.1ms)


Started GET "/api/v1/items.json" for 127.0.0.1 at 2017-07-05 13:13:36 -0400
Processing by Api::V1::ItemsController#index as JSON
  [1m[36mItem Load (0.0ms)[0m  [1m[34mSELECT "items".* FROM "items"[0m
Completed 200 OK in 110ms (Views: 20.7ms | ActiveRecord: 1.0ms)


Started GET "/" for 127.0.0.1 at 2017-07-05 13:14:37 -0400
Processing by SiteController#index as HTML
  Rendering site/index.html.erb within layouts/application
  Rendered site/index.html.erb within layouts/application (2.0ms)
Completed 200 OK in 2629ms (Views: 2610.0ms)


Started GET "/api/v1/items.json" for 127.0.0.1 at 2017-07-05 13:14:40 -0400
Processing by Api::V1::ItemsController#index as JSON
  [1m[36mItem Load (2.0ms)[0m  [1m[34mSELECT "items".* FROM "items"[0m
Completed 200 OK in 94ms (Views: 30.3ms | ActiveRecord: 5.0ms)


Started GET "/" for 127.0.0.1 at 2017-07-05 13:15:24 -0400
Processing by SiteController#index as HTML
  Rendering site/index.html.erb within layouts/application
  Rendered site/index.html.erb within layouts/application (2.5ms)
Completed 200 OK in 3584ms (Views: 3560.6ms)


Started GET "/api/v1/items.json" for 127.0.0.1 at 2017-07-05 13:15:28 -0400
Processing by Api::V1::ItemsController#index as JSON
  [1m[36mItem Load (0.0ms)[0m  [1m[34mSELECT "items".* FROM "items"[0m
Completed 200 OK in 94ms (Views: 26.5ms | ActiveRecord: 4.0ms)


Started GET "/" for 127.0.0.1 at 2017-07-05 13:15:32 -0400
Processing by SiteController#index as HTML
  Rendering site/index.html.erb within layouts/application
  Rendered site/index.html.erb within layouts/application (2.0ms)
Completed 200 OK in 2556ms (Views: 2533.9ms)


Started GET "/api/v1/items.json" for 127.0.0.1 at 2017-07-05 13:15:36 -0400
Processing by Api::V1::ItemsController#index as JSON
  [1m[36mItem Load (0.5ms)[0m  [1m[34mSELECT "items".* FROM "items"[0m
Completed 200 OK in 123ms (Views: 38.7ms | ActiveRecord: 5.0ms)


Started GET "/" for 127.0.0.1 at 2017-07-05 13:17:26 -0400
Processing by SiteController#index as HTML
  Rendering site/index.html.erb within layouts/application
  Rendered site/index.html.erb within layouts/application (1.5ms)
Completed 200 OK in 2593ms (Views: 2566.5ms)


Started GET "/api/v1/items.json" for 127.0.0.1 at 2017-07-05 13:17:30 -0400
Processing by Api::V1::ItemsController#index as JSON
  [1m[36mItem Load (0.5ms)[0m  [1m[34mSELECT "items".* FROM "items"[0m
Completed 200 OK in 125ms (Views: 56.3ms | ActiveRecord: 5.0ms)


Started GET "/" for 127.0.0.1 at 2017-07-05 13:17:33 -0400
Processing by SiteController#index as HTML
  Rendering site/index.html.erb within layouts/application
  Rendered site/index.html.erb within layouts/application (1.5ms)
Completed 200 OK in 195ms (Views: 172.6ms)


Started GET "/api/v1/items.json" for 127.0.0.1 at 2017-07-05 13:17:34 -0400
Processing by Api::V1::ItemsController#index as JSON
  [1m[36mItem Load (0.0ms)[0m  [1m[34mSELECT "items".* FROM "items"[0m
Completed 200 OK in 100ms (Views: 20.3ms | ActiveRecord: 2.0ms)


Started GET "/" for 127.0.0.1 at 2017-07-05 13:17:42 -0400
Processing by SiteController#index as HTML
  Rendering site/index.html.erb within layouts/application
  Rendered site/index.html.erb within layouts/application (1.0ms)
Completed 200 OK in 187ms (Views: 162.0ms)


Started GET "/api/v1/items.json" for 127.0.0.1 at 2017-07-05 13:17:43 -0400
Processing by Api::V1::ItemsController#index as JSON
  [1m[36mItem Load (0.5ms)[0m  [1m[34mSELECT "items".* FROM "items"[0m
Completed 200 OK in 113ms (Views: 41.6ms | ActiveRecord: 3.5ms)


Started GET "/" for 127.0.0.1 at 2017-07-05 13:18:25 -0400
Processing by SiteController#index as HTML
  Rendering site/index.html.erb within layouts/application
  Rendered site/index.html.erb within layouts/application (1.0ms)
Completed 200 OK in 176ms (Views: 159.6ms)


Started GET "/api/v1/items.json" for 127.0.0.1 at 2017-07-05 13:18:26 -0400
Processing by Api::V1::ItemsController#index as JSON
  [1m[36mItem Load (0.5ms)[0m  [1m[34mSELECT "items".* FROM "items"[0m
Completed 200 OK in 92ms (Views: 21.1ms | ActiveRecord: 3.5ms)


Started GET "/" for 127.0.0.1 at 2017-07-05 13:22:58 -0400
Processing by SiteController#index as HTML
  Rendering site/index.html.erb within layouts/application
  Rendered site/index.html.erb within layouts/application (3.0ms)
Completed 200 OK in 4824ms (Views: 4783.0ms)


Started GET "/api/v1/items.json" for 127.0.0.1 at 2017-07-05 13:23:05 -0400
Processing by Api::V1::ItemsController#index as JSON
  [1m[36mItem Load (0.5ms)[0m  [1m[34mSELECT "items".* FROM "items"[0m
Completed 200 OK in 480ms (Views: 313.1ms | ActiveRecord: 51.1ms)


